<?xml version="1.0" encoding="utf-8"?><testsuites name="pytest tests"><testsuite name="pytest" errors="0" failures="0" skipped="0" tests="10" time="2.103" timestamp="2026-02-20T08:46:56.463973+00:00" hostname="agent-env-088fac68-2bdf-439b-8a4d-584cf3a4165e"><testcase classname="backend.tests.test_bulk_import.TestAuth" name="test_login_returns_token" time="0.617" /><testcase classname="backend.tests.test_bulk_import.TestOpeningStockSample" name="test_sample_template_returns_200" time="0.398" /><testcase classname="backend.tests.test_bulk_import.TestOpeningStockSample" name="test_sample_template_is_xlsx" time="0.120" /><testcase classname="backend.tests.test_bulk_import.TestOpeningStockImport" name="test_upload_csv_creates_items" time="0.101" /><testcase classname="backend.tests.test_bulk_import.TestOpeningStockImport" name="test_upload_csv_counts" time="0.072" /><testcase classname="backend.tests.test_bulk_import.TestRawMaterials" name="test_raw_materials_list" time="0.347" /><testcase classname="backend.tests.test_bulk_import.TestBOMAndProduction" name="test_bom_endpoint" time="0.099" /><testcase classname="backend.tests.test_bulk_import.TestBOMAndProduction" name="test_production_orders_endpoint" time="0.094" /><testcase classname="backend.tests.test_bulk_import.TestReports" name="test_finished_goods_report" time="0.127" /><testcase classname="backend.tests.test_bulk_import.TestReports" name="test_rm_stock_report" time="0.071" /></testsuite></testsuites>