<?xml version="1.0" encoding="utf-8"?><testsuites name="pytest tests"><testsuite name="pytest" errors="0" failures="0" skipped="0" tests="12" time="12.606" timestamp="2026-02-20T07:47:03.842607+00:00" hostname="agent-env-088fac68-2bdf-439b-8a4d-584cf3a4165e"><testcase classname="backend.tests.test_erp_api.TestAuth" name="test_login_success" time="1.999" /><testcase classname="backend.tests.test_erp_api.TestAuth" name="test_login_invalid" time="0.929" /><testcase classname="backend.tests.test_erp_api.TestAuth" name="test_me_endpoint" time="1.878" /><testcase classname="backend.tests.test_erp_api.TestRawMaterials" name="test_get_raw_materials" time="0.846" /><testcase classname="backend.tests.test_erp_api.TestRawMaterials" name="test_create_raw_material" time="0.819" /><testcase classname="backend.tests.test_erp_api.TestRawMaterials" name="test_get_raw_material_detail" time="1.424" /><testcase classname="backend.tests.test_erp_api.TestProducts" name="test_get_products" time="0.775" /><testcase classname="backend.tests.test_erp_api.TestProducts" name="test_create_product" time="0.784" /><testcase classname="backend.tests.test_erp_api.TestBOM" name="test_get_bom" time="0.764" /><testcase classname="backend.tests.test_erp_api.TestInventory" name="test_get_stock" time="0.774" /><testcase classname="backend.tests.test_erp_api.TestDashboard" name="test_get_dashboard" time="0.798" /><testcase classname="backend.tests.test_erp_api.TestDashboard" name="test_dashboard_unauthenticated" time="0.717" /></testsuite></testsuites>